{"level":"info","message":"✅ Database connected successfully","service":"tms-backend","timestamp":"2025-11-24T04:32:36.785Z"}
{"level":"info","message":"🚀 Server is running on port 3000","service":"tms-backend","timestamp":"2025-11-24T04:32:36.796Z"}
{"level":"info","message":"📝 Environment: development","service":"tms-backend","timestamp":"2025-11-24T04:32:36.797Z"}
{"level":"info","message":"🔗 API: http://localhost:3000/api/v1","service":"tms-backend","timestamp":"2025-11-24T04:32:36.798Z"}
{"level":"info","message":"\nSIGINT received. Starting graceful shutdown...","service":"tms-backend","timestamp":"2025-11-24T04:35:01.106Z"}
{"level":"info","message":"HTTP server closed","service":"tms-backend","timestamp":"2025-11-24T04:35:01.113Z"}
{"level":"info","message":"✅ Database connected successfully","service":"tms-backend","timestamp":"2025-11-24T04:35:06.742Z"}
{"level":"info","message":"🚀 Server is running on port 3000","service":"tms-backend","timestamp":"2025-11-24T04:35:06.751Z"}
{"level":"info","message":"📝 Environment: development","service":"tms-backend","timestamp":"2025-11-24T04:35:06.752Z"}
{"level":"info","message":"🔗 API: http://localhost:3000/api/v1","service":"tms-backend","timestamp":"2025-11-24T04:35:06.752Z"}
{"level":"info","message":"✅ Database connected successfully","service":"tms-backend","timestamp":"2025-11-24T04:46:21.959Z"}
{"level":"info","message":"🚀 Server is running on port 3000","service":"tms-backend","timestamp":"2025-11-24T04:46:21.964Z"}
{"level":"info","message":"📝 Environment: development","service":"tms-backend","timestamp":"2025-11-24T04:46:21.964Z"}
{"level":"info","message":"🔗 API: http://localhost:3000/api/v1","service":"tms-backend","timestamp":"2025-11-24T04:46:21.965Z"}
{"level":"info","message":"✅ Database connected successfully","service":"tms-backend","timestamp":"2025-11-24T04:47:24.650Z"}
{"level":"info","message":"Server is running on port 3000","service":"tms-backend","timestamp":"2025-11-24T04:47:24.655Z"}
{"level":"info","message":"Environment: development","service":"tms-backend","timestamp":"2025-11-24T04:47:24.655Z"}
{"level":"info","message":"Health check: http://localhost:3000/health","service":"tms-backend","timestamp":"2025-11-24T04:47:24.656Z"}
{"level":"info","message":"API base URL: http://localhost:3000","service":"tms-backend","timestamp":"2025-11-24T04:47:24.656Z"}
{"level":"info","message":"Examples:","service":"tms-backend","timestamp":"2025-11-24T04:47:24.657Z"}
{"level":"info","message":"   POST http://localhost:3000/auth/register","service":"tms-backend","timestamp":"2025-11-24T04:47:24.657Z"}
{"level":"info","message":"   POST http://localhost:3000/auth/login","service":"tms-backend","timestamp":"2025-11-24T04:47:24.657Z"}
{"level":"info","message":"   GET  http://localhost:3000/users/me","service":"tms-backend","timestamp":"2025-11-24T04:47:24.658Z"}
{"level":"info","message":"✅ Database connected successfully","service":"tms-backend","timestamp":"2025-11-24T04:48:19.486Z"}
{"level":"info","message":"Server is running on port 3000","service":"tms-backend","timestamp":"2025-11-24T04:48:19.490Z"}
{"level":"info","message":"Environment: development","service":"tms-backend","timestamp":"2025-11-24T04:48:19.491Z"}
{"level":"info","message":"Health check: http://localhost:3000/health","service":"tms-backend","timestamp":"2025-11-24T04:48:19.491Z"}
{"level":"info","message":"API base URL: http://localhost:3000","service":"tms-backend","timestamp":"2025-11-24T04:48:19.492Z"}
{"level":"info","message":"✅ Database connected successfully","service":"tms-backend","timestamp":"2025-11-24T04:59:30.180Z"}
{"level":"info","message":"Server is running on port 3000","service":"tms-backend","timestamp":"2025-11-24T04:59:30.184Z"}
{"level":"info","message":"Environment: development","service":"tms-backend","timestamp":"2025-11-24T04:59:30.185Z"}
{"level":"info","message":"Health check: http://localhost:3000/health","service":"tms-backend","timestamp":"2025-11-24T04:59:30.186Z"}
{"level":"info","message":"API base URL: http://localhost:3000","service":"tms-backend","timestamp":"2025-11-24T04:59:30.186Z"}
{"error":"Invalid email or password","ip":"::1","level":"error","message":"Error occurred:","method":"POST","path":"/auth/login","service":"tms-backend","stack":"Error: Invalid email or password\n    at AuthService.login (C:\\Users\\admin\\Desktop\\new\\tms\\backend\\src\\modules\\auth\\auth.service.ts:21:13)\n    at async login (C:\\Users\\admin\\Desktop\\new\\tms\\backend\\src\\modules\\auth\\auth.controllers.ts:20:22)","timestamp":"2025-11-24T05:04:21.685Z"}
{"error":"Invalid email or password","ip":"::1","level":"error","message":"Error occurred:","method":"POST","path":"/auth/login","service":"tms-backend","stack":"Error: Invalid email or password\n    at AuthService.login (C:\\Users\\admin\\Desktop\\new\\tms\\backend\\src\\modules\\auth\\auth.service.ts:21:13)\n    at async login (C:\\Users\\admin\\Desktop\\new\\tms\\backend\\src\\modules\\auth\\auth.controllers.ts:20:22)","timestamp":"2025-11-24T05:04:24.726Z"}
{"error":"Invalid email or password","ip":"::1","level":"error","message":"Error occurred:","method":"POST","path":"/auth/login","service":"tms-backend","stack":"Error: Invalid email or password\n    at AuthService.login (C:\\Users\\admin\\Desktop\\new\\tms\\backend\\src\\modules\\auth\\auth.service.ts:21:13)\n    at async login (C:\\Users\\admin\\Desktop\\new\\tms\\backend\\src\\modules\\auth\\auth.controllers.ts:20:22)","timestamp":"2025-11-24T05:04:28.091Z"}
{"error":"Invalid email or password","ip":"::1","level":"error","message":"Error occurred:","method":"POST","path":"/auth/login","service":"tms-backend","stack":"Error: Invalid email or password\n    at AuthService.login (C:\\Users\\admin\\Desktop\\new\\tms\\backend\\src\\modules\\auth\\auth.service.ts:21:13)\n    at async login (C:\\Users\\admin\\Desktop\\new\\tms\\backend\\src\\modules\\auth\\auth.controllers.ts:20:22)","timestamp":"2025-11-24T05:05:10.590Z"}
{"error":"Invalid email or password","ip":"::1","level":"error","message":"Error occurred:","method":"POST","path":"/auth/login","service":"tms-backend","stack":"Error: Invalid email or password\n    at AuthService.login (C:\\Users\\admin\\Desktop\\new\\tms\\backend\\src\\modules\\auth\\auth.service.ts:21:13)\n    at async login (C:\\Users\\admin\\Desktop\\new\\tms\\backend\\src\\modules\\auth\\auth.controllers.ts:20:22)","timestamp":"2025-11-24T05:06:52.287Z"}
{"level":"info","message":"✅ Database connected successfully","service":"tms-backend","timestamp":"2025-11-24T05:17:05.975Z"}
{"level":"info","message":"Server is running on port 3000","service":"tms-backend","timestamp":"2025-11-24T05:17:05.979Z"}
{"level":"info","message":"Environment: development","service":"tms-backend","timestamp":"2025-11-24T05:17:05.980Z"}
{"level":"info","message":"Health check: http://localhost:3000/health","service":"tms-backend","timestamp":"2025-11-24T05:17:05.980Z"}
{"level":"info","message":"API base URL: http://localhost:3000","service":"tms-backend","timestamp":"2025-11-24T05:17:05.981Z"}
{"level":"info","message":"✅ Database connected successfully","service":"tms-backend","timestamp":"2025-11-24T05:18:47.311Z"}
{"level":"info","message":"Server is running on port 3000","service":"tms-backend","timestamp":"2025-11-24T05:18:47.316Z"}
{"level":"info","message":"Environment: development","service":"tms-backend","timestamp":"2025-11-24T05:18:47.316Z"}
{"level":"info","message":"Health check: http://localhost:3000/health","service":"tms-backend","timestamp":"2025-11-24T05:18:47.316Z"}
{"level":"info","message":"API base URL: http://localhost:3000","service":"tms-backend","timestamp":"2025-11-24T05:18:47.317Z"}
{"level":"info","message":"✅ Database connected successfully","service":"tms-backend","timestamp":"2025-11-24T05:18:49.623Z"}
{"level":"info","message":"Server is running on port 3000","service":"tms-backend","timestamp":"2025-11-24T05:18:49.627Z"}
{"level":"info","message":"Environment: development","service":"tms-backend","timestamp":"2025-11-24T05:18:49.628Z"}
{"level":"info","message":"Health check: http://localhost:3000/health","service":"tms-backend","timestamp":"2025-11-24T05:18:49.628Z"}
{"level":"info","message":"API base URL: http://localhost:3000","service":"tms-backend","timestamp":"2025-11-24T05:18:49.629Z"}
{"level":"info","message":"✅ Database connected successfully","service":"tms-backend","timestamp":"2025-11-24T05:19:55.712Z"}
{"level":"info","message":"Server is running on port 3000","service":"tms-backend","timestamp":"2025-11-24T05:19:55.716Z"}
{"level":"info","message":"Environment: development","service":"tms-backend","timestamp":"2025-11-24T05:19:55.717Z"}
{"level":"info","message":"Health check: http://localhost:3000/health","service":"tms-backend","timestamp":"2025-11-24T05:19:55.717Z"}
{"level":"info","message":"API base URL: http://localhost:3000","service":"tms-backend","timestamp":"2025-11-24T05:19:55.718Z"}
{"level":"info","message":"\nSIGINT received. Starting graceful shutdown...","service":"tms-backend","timestamp":"2025-11-24T05:25:39.773Z"}
{"level":"info","message":"HTTP server closed","service":"tms-backend","timestamp":"2025-11-24T05:25:39.775Z"}
{"level":"info","message":"Database disconnected","service":"tms-backend","timestamp":"2025-11-24T05:25:39.777Z"}
{"level":"info","message":"✅ Database connected successfully","service":"tms-backend","timestamp":"2025-11-24T05:25:52.845Z"}
{"level":"info","message":"Server is running on port 3000","service":"tms-backend","timestamp":"2025-11-24T05:25:52.850Z"}
{"level":"info","message":"Environment: development","service":"tms-backend","timestamp":"2025-11-24T05:25:52.850Z"}
{"level":"info","message":"Health check: http://localhost:3000/health","service":"tms-backend","timestamp":"2025-11-24T05:25:52.851Z"}
{"level":"info","message":"API base URL: http://localhost:3000","service":"tms-backend","timestamp":"2025-11-24T05:25:52.851Z"}
{"level":"info","message":"User logged in: superadmin@lkcompany.com","service":"tms-backend","timestamp":"2025-11-24T05:34:05.731Z"}
{"level":"info","message":"User logged in: superadmin@lkcompany.com","service":"tms-backend","timestamp":"2025-11-24T05:40:21.888Z"}
{"error":"Invalid email or password","ip":"::1","level":"error","message":"Error occurred:","method":"POST","path":"/auth/login","service":"tms-backend","stack":"Error: Invalid email or password\n    at AuthService.login (C:\\Users\\admin\\Desktop\\new\\tms\\backend\\src\\modules\\auth\\auth.service.ts:39:13)\n    at async login (C:\\Users\\admin\\Desktop\\new\\tms\\backend\\src\\modules\\auth\\auth.controllers.ts:20:22)","timestamp":"2025-11-24T05:42:50.358Z"}
{"level":"info","message":"User logged in: superadmin@lkcompany.com","service":"tms-backend","timestamp":"2025-11-24T05:43:00.349Z"}
{"level":"info","message":"User logged in: vehicleadmin@lkcompany.com","service":"tms-backend","timestamp":"2025-11-24T05:43:24.948Z"}
{"level":"info","message":"User logged in: manager@lkcompany.com","service":"tms-backend","timestamp":"2025-11-24T05:46:01.473Z"}
{"level":"info","message":"User logged in: hod@lkcompany.com","service":"tms-backend","timestamp":"2025-11-24T05:46:26.449Z"}
{"level":"info","message":"User logged in: employee@lkcompany.com","service":"tms-backend","timestamp":"2025-11-24T05:46:51.274Z"}
{"level":"info","message":"User logged in: driver@lkcompany.com","service":"tms-backend","timestamp":"2025-11-24T05:47:14.927Z"}
{"level":"info","message":"✅ Database connected successfully","service":"tms-backend","timestamp":"2025-11-24T06:02:36.527Z"}
{"level":"info","message":"Server is running on port 3000","service":"tms-backend","timestamp":"2025-11-24T06:02:36.532Z"}
{"level":"info","message":"Environment: development","service":"tms-backend","timestamp":"2025-11-24T06:02:36.533Z"}
{"level":"info","message":"Health check: http://localhost:3000/health","service":"tms-backend","timestamp":"2025-11-24T06:02:36.533Z"}
{"level":"info","message":"API base URL: http://localhost:3000","service":"tms-backend","timestamp":"2025-11-24T06:02:36.533Z"}
{"level":"info","message":"✅ Database connected successfully","service":"tms-backend","timestamp":"2025-11-24T06:21:18.243Z"}
{"level":"info","message":"Server is running on port 3000","service":"tms-backend","timestamp":"2025-11-24T06:21:18.247Z"}
{"level":"info","message":"Environment: development","service":"tms-backend","timestamp":"2025-11-24T06:21:18.248Z"}
{"level":"info","message":"Health check: http://localhost:3000/health","service":"tms-backend","timestamp":"2025-11-24T06:21:18.248Z"}
{"level":"info","message":"API base URL: http://localhost:3000","service":"tms-backend","timestamp":"2025-11-24T06:21:18.249Z"}
{"level":"info","message":"User logged in: superadmin@lkcompany.com | Remember Me: false","service":"tms-backend","timestamp":"2025-11-24T06:22:59.354Z"}
{"error":"Invalid email or password","ip":"::1","level":"error","message":"Error occurred:","method":"POST","path":"/auth/login","service":"tms-backend","stack":"Error: Invalid email or password\n    at AuthService.login (C:\\Users\\admin\\Desktop\\new\\tms\\backend\\src\\modules\\auth\\auth.service.ts:42:11)\n    at async login (C:\\Users\\admin\\Desktop\\new\\tms\\backend\\src\\modules\\auth\\auth.controllers.ts:22:20)","timestamp":"2025-11-24T06:23:33.637Z"}
{"level":"info","message":"User logged in: superadmin@lkcompany.com | Remember Me: false","service":"tms-backend","timestamp":"2025-11-24T06:23:41.395Z"}
{"level":"info","message":"User logged in: superadmin@lkcompany.com | Remember Me: false","service":"tms-backend","timestamp":"2025-11-24T06:32:56.886Z"}
{"level":"info","message":"User logged in: superadmin@lkcompany.com | Remember Me: false","service":"tms-backend","timestamp":"2025-11-24T06:33:09.527Z"}
{"level":"info","message":"User logged in: superadmin@lkcompany.com | Remember Me: false","service":"tms-backend","timestamp":"2025-11-24T06:34:11.064Z"}
